ぼけっと して たら こんな 時間 チャリ ある から 食べ に で たい のに
[1, 8173, 1347, 3210, 275, 8412, 2106, 399, 3853, 632, 300, 285, 1677, 264, 269, 371, 1753, 2]
['[CLS]', '▁ぼ', 'け', 'っと', '▁して', '▁たら', '▁こんな', '▁時間', '▁チャ', 'リ', '▁ある', '▁から', '▁食べ', '▁に', '▁で', '▁たい', '▁のに', '[SEP]']
{'input_ids': tensor([[    1,  9668,  1171,  ...,     0,     0,     0],
        [    1,  1464,   266,  ...,     0,     0,     0],
        [    1, 27771,   849,  ...,     0,     0,     0],
        ...,
        [    1, 11083,   508,  ...,     0,     0,     0],
        [    1,  8976, 22828,  ...,     0,     0,     0],
        [    1, 15894,   269,  ...,     0,     0,     0]]), 'token_type_ids': tensor([[0, 0, 0,  ..., 0, 0, 0],
        [0, 0, 0,  ..., 0, 0, 0],
        [0, 0, 0,  ..., 0, 0, 0],
        ...,
        [0, 0, 0,  ..., 0, 0, 0],
        [0, 0, 0,  ..., 0, 0, 0],
        [0, 0, 0,  ..., 0, 0, 0]]), 'attention_mask': tensor([[1, 1, 1,  ..., 0, 0, 0],
        [1, 1, 1,  ..., 0, 0, 0],
        [1, 1, 1,  ..., 0, 0, 0],
        ...,
        [1, 1, 1,  ..., 0, 0, 0],
        [1, 1, 1,  ..., 0, 0, 0],
        [1, 1, 1,  ..., 0, 0, 0]])}
最大トークン数は107です
dict_keys(['input_ids', 'token_type_ids', 'attention_mask'])
dict_keys(['input_ids', 'token_type_ids', 'attention_mask', 'label'])
学習データ数は30000です
tensor([   1, 8173, 1347, 3210,  275, 8412, 2106,  399, 3853,  632,  300,  285,
        1677,  264,  269,  371, 1753,    2,    0,    0,    0,    0,    0,    0,
           0,    0,    0,    0,    0,    0,    0,    0,    0,    0,    0,    0,
           0,    0,    0,    0,    0,    0,    0,    0,    0,    0,    0,    0,
           0,    0,    0,    0,    0,    0,    0,    0,    0,    0,    0,    0,
           0,    0,    0,    0,    0,    0,    0,    0,    0,    0,    0,    0,
           0,    0,    0,    0,    0,    0,    0,    0,    0,    0,    0,    0,
           0,    0,    0,    0,    0,    0,    0,    0,    0,    0,    0,    0,
           0,    0,    0,    0,    0,    0,    0,    0,    0,    0,    0])
[CLS] ぼけっと して たら こんな 時間 チャリ ある から 食べ に で たい のに[SEP][PAD][PAD][PAD][PAD][PAD][PAD][PAD][PAD][PAD][PAD][PAD][PAD][PAD][PAD][PAD][PAD][PAD][PAD][PAD][PAD][PAD][PAD][PAD][PAD][PAD][PAD][PAD][PAD][PAD][PAD][PAD][PAD][PAD][PAD][PAD][PAD][PAD][PAD][PAD][PAD][PAD][PAD][PAD][PAD][PAD][PAD][PAD][PAD][PAD][PAD][PAD][PAD][PAD][PAD][PAD][PAD][PAD][PAD][PAD][PAD][PAD][PAD][PAD][PAD][PAD][PAD][PAD][PAD][PAD][PAD][PAD][PAD][PAD][PAD][PAD][PAD][PAD][PAD][PAD][PAD][PAD][PAD][PAD][PAD][PAD][PAD][PAD][PAD][PAD]
{'loss': 1.4979, 'learning_rate': 9.95e-07, 'epoch': 1.0}
正解： [2 0 1 ... 4 4 4]
推論： [2 2 2 ... 3 3 3]
{'eval_loss': 1.3671231269836426, 'eval_accuracy': 0.3996, 'eval_precision': 0.3115663661170213, 'eval_recall': 0.3996, 'eval_f1': 0.34519865533261324, 'eval_QWK': 0.4869256385330616, 'eval_runtime': 6.3829, 'eval_samples_per_second': 391.673, 'eval_steps_per_second': 12.377, 'epoch': 1.0}
{'loss': 1.3451, 'learning_rate': 9.9e-07, 'epoch': 2.0}
正解： [2 0 1 ... 4 4 4]
推論： [2 2 2 ... 3 3 3]
{'eval_loss': 1.3031543493270874, 'eval_accuracy': 0.4216, 'eval_precision': 0.3765635075076595, 'eval_recall': 0.4216, 'eval_f1': 0.36562532218860105, 'eval_QWK': 0.5162318444656923, 'eval_runtime': 6.4178, 'eval_samples_per_second': 389.542, 'eval_steps_per_second': 12.31, 'epoch': 2.0}
{'loss': 1.2988, 'learning_rate': 9.849999999999999e-07, 'epoch': 3.0}
正解： [2 0 1 ... 4 4 4]
推論： [2 2 2 ... 3 3 3]
{'eval_loss': 1.2791295051574707, 'eval_accuracy': 0.4312, 'eval_precision': 0.43226098712159355, 'eval_recall': 0.4312, 'eval_f1': 0.3927418789474099, 'eval_QWK': 0.551699164160014, 'eval_runtime': 6.4178, 'eval_samples_per_second': 389.542, 'eval_steps_per_second': 12.31, 'epoch': 3.0}
{'loss': 1.2702, 'learning_rate': 9.8e-07, 'epoch': 4.0}
正解： [2 0 1 ... 4 4 4]
推論： [2 2 2 ... 3 3 3]
{'eval_loss': 1.275442361831665, 'eval_accuracy': 0.432, 'eval_precision': 0.44190830882678156, 'eval_recall': 0.432, 'eval_f1': 0.39272315089874815, 'eval_QWK': 0.5470810229005587, 'eval_runtime': 6.4225, 'eval_samples_per_second': 389.255, 'eval_steps_per_second': 12.3, 'epoch': 4.0}
{'loss': 1.2512, 'learning_rate': 9.75e-07, 'epoch': 5.0}
正解： [2 0 1 ... 4 4 4]
推論： [2 1 2 ... 3 3 3]
{'eval_loss': 1.268917441368103, 'eval_accuracy': 0.4376, 'eval_precision': 0.4467062440054505, 'eval_recall': 0.4376, 'eval_f1': 0.41881175440212237, 'eval_QWK': 0.5814638719614277, 'eval_runtime': 6.4232, 'eval_samples_per_second': 389.211, 'eval_steps_per_second': 12.299, 'epoch': 5.0}
{'loss': 1.2314, 'learning_rate': 9.7e-07, 'epoch': 6.0}
正解： [2 0 1 ... 4 4 4]
推論： [2 1 2 ... 3 3 3]
{'eval_loss': 1.2791643142700195, 'eval_accuracy': 0.4212, 'eval_precision': 0.44838530091494505, 'eval_recall': 0.4212, 'eval_f1': 0.4028945145382332, 'eval_QWK': 0.5652842235011, 'eval_runtime': 6.4174, 'eval_samples_per_second': 389.564, 'eval_steps_per_second': 12.31, 'epoch': 6.0}
{'loss': 1.2175, 'learning_rate': 9.649999999999999e-07, 'epoch': 7.0}
正解： [2 0 1 ... 4 4 4]
推論： [2 1 2 ... 3 3 3]
{'eval_loss': 1.2768439054489136, 'eval_accuracy': 0.4408, 'eval_precision': 0.4550003720857594, 'eval_recall': 0.4408, 'eval_f1': 0.4204055651105846, 'eval_QWK': 0.5723453309669062, 'eval_runtime': 6.4185, 'eval_samples_per_second': 389.498, 'eval_steps_per_second': 12.308, 'epoch': 7.0}
{'loss': 1.2004, 'learning_rate': 9.6e-07, 'epoch': 8.0}
正解： [2 0 1 ... 4 4 4]
推論： [2 1 2 ... 3 3 3]
{'eval_loss': 1.2892229557037354, 'eval_accuracy': 0.4252, 'eval_precision': 0.45136474994483633, 'eval_recall': 0.4252, 'eval_f1': 0.412343936305851, 'eval_QWK': 0.5623012376441767, 'eval_runtime': 6.4263, 'eval_samples_per_second': 389.025, 'eval_steps_per_second': 12.293, 'epoch': 8.0}
{'loss': 1.185, 'learning_rate': 9.55e-07, 'epoch': 9.0}
正解： [2 0 1 ... 4 4 4]
推論： [2 1 2 ... 3 3 3]
{'eval_loss': 1.2887449264526367, 'eval_accuracy': 0.4264, 'eval_precision': 0.4527707474831732, 'eval_recall': 0.4264, 'eval_f1': 0.41402005577004075, 'eval_QWK': 0.5768786308577091, 'eval_runtime': 6.4179, 'eval_samples_per_second': 389.536, 'eval_steps_per_second': 12.309, 'epoch': 9.0}
{'loss': 1.1722, 'learning_rate': 9.499999999999999e-07, 'epoch': 10.0}
正解： [2 0 1 ... 4 4 4]
推論： [2 1 2 ... 3 3 3]
{'eval_loss': 1.2853513956069946, 'eval_accuracy': 0.4384, 'eval_precision': 0.44707918467433383, 'eval_recall': 0.4384, 'eval_f1': 0.4251906548002905, 'eval_QWK': 0.583120793278759, 'eval_runtime': 6.4146, 'eval_samples_per_second': 389.733, 'eval_steps_per_second': 12.316, 'epoch': 10.0}
{'loss': 1.1566, 'learning_rate': 9.45e-07, 'epoch': 11.0}
正解： [2 0 1 ... 4 4 4]
推論： [2 1 2 ... 3 3 4]
{'eval_loss': 1.2869319915771484, 'eval_accuracy': 0.434, 'eval_precision': 0.44236703228642027, 'eval_recall': 0.434, 'eval_f1': 0.42478254697089596, 'eval_QWK': 0.5934462672204902, 'eval_runtime': 6.4202, 'eval_samples_per_second': 389.394, 'eval_steps_per_second': 12.305, 'epoch': 11.0}
{'loss': 1.1445, 'learning_rate': 9.399999999999999e-07, 'epoch': 12.0}
正解： [2 0 1 ... 4 4 4]
推論： [2 1 2 ... 3 3 3]
{'eval_loss': 1.2967939376831055, 'eval_accuracy': 0.432, 'eval_precision': 0.4431537356585506, 'eval_recall': 0.432, 'eval_f1': 0.4236990152027919, 'eval_QWK': 0.5857017190865237, 'eval_runtime': 6.4137, 'eval_samples_per_second': 389.79, 'eval_steps_per_second': 12.317, 'epoch': 12.0}
{'loss': 1.1339, 'learning_rate': 9.35e-07, 'epoch': 13.0}
正解： [2 0 1 ... 4 4 4]
推論： [2 1 2 ... 3 3 3]
{'eval_loss': 1.292297124862671, 'eval_accuracy': 0.4408, 'eval_precision': 0.4449697397349615, 'eval_recall': 0.4408, 'eval_f1': 0.4331638118748241, 'eval_QWK': 0.5950003798082564, 'eval_runtime': 6.4166, 'eval_samples_per_second': 389.615, 'eval_steps_per_second': 12.312, 'epoch': 13.0}
{'loss': 1.1199, 'learning_rate': 9.3e-07, 'epoch': 14.0}
正解： [2 0 1 ... 4 4 4]
推論： [2 1 2 ... 3 3 3]
{'eval_loss': 1.3132318258285522, 'eval_accuracy': 0.4296, 'eval_precision': 0.44310160780408814, 'eval_recall': 0.4296, 'eval_f1': 0.4234419934620516, 'eval_QWK': 0.5870430468693328, 'eval_runtime': 6.4148, 'eval_samples_per_second': 389.721, 'eval_steps_per_second': 12.315, 'epoch': 14.0}
{'loss': 1.1069, 'learning_rate': 9.25e-07, 'epoch': 15.0}
正解： [2 0 1 ... 4 4 4]
推論： [2 1 2 ... 3 3 3]
{'eval_loss': 1.3237688541412354, 'eval_accuracy': 0.4352, 'eval_precision': 0.44437779627282037, 'eval_recall': 0.4352, 'eval_f1': 0.42357814041751296, 'eval_QWK': 0.5777268628375121, 'eval_runtime': 6.4209, 'eval_samples_per_second': 389.352, 'eval_steps_per_second': 12.304, 'epoch': 15.0}
{'loss': 1.0938, 'learning_rate': 9.2e-07, 'epoch': 16.0}
正解： [2 0 1 ... 4 4 4]
推論： [2 1 2 ... 3 3 3]
{'eval_loss': 1.321977972984314, 'eval_accuracy': 0.436, 'eval_precision': 0.44283119057343995, 'eval_recall': 0.436, 'eval_f1': 0.42996890150430583, 'eval_QWK': 0.5913219205549205, 'eval_runtime': 6.4145, 'eval_samples_per_second': 389.741, 'eval_steps_per_second': 12.316, 'epoch': 16.0}
{'loss': 1.0811, 'learning_rate': 9.15e-07, 'epoch': 17.0}
正解： [2 0 1 ... 4 4 4]
推論： [2 1 2 ... 3 3 4]
{'eval_loss': 1.3305894136428833, 'eval_accuracy': 0.4368, 'eval_precision': 0.442967457304734, 'eval_recall': 0.4368, 'eval_f1': 0.4323221521948065, 'eval_QWK': 0.5956303347946228, 'eval_runtime': 6.4177, 'eval_samples_per_second': 389.546, 'eval_steps_per_second': 12.31, 'epoch': 17.0}
{'loss': 1.0678, 'learning_rate': 9.1e-07, 'epoch': 18.0}
正解： [2 0 1 ... 4 4 4]
推論： [2 1 2 ... 3 3 4]
{'eval_loss': 1.342077374458313, 'eval_accuracy': 0.442, 'eval_precision': 0.44829091752517836, 'eval_recall': 0.442, 'eval_f1': 0.4379172030639196, 'eval_QWK': 0.594305363063806, 'eval_runtime': 6.4147, 'eval_samples_per_second': 389.73, 'eval_steps_per_second': 12.315, 'epoch': 18.0}
{'loss': 1.0529, 'learning_rate': 9.05e-07, 'epoch': 19.0}
正解： [2 0 1 ... 4 4 4]
推論： [2 1 2 ... 3 3 4]
{'eval_loss': 1.3584586381912231, 'eval_accuracy': 0.4312, 'eval_precision': 0.4412558287151562, 'eval_recall': 0.4312, 'eval_f1': 0.42888717243416696, 'eval_QWK': 0.5952703160144472, 'eval_runtime': 6.4158, 'eval_samples_per_second': 389.66, 'eval_steps_per_second': 12.313, 'epoch': 19.0}
{'loss': 1.0387, 'learning_rate': 9e-07, 'epoch': 20.0}
正解： [2 0 1 ... 4 4 4]
推論： [2 1 2 ... 3 3 4]
{'eval_loss': 1.3660227060317993, 'eval_accuracy': 0.4316, 'eval_precision': 0.44432427446837575, 'eval_recall': 0.4316, 'eval_f1': 0.42807684986543354, 'eval_QWK': 0.5926781644267058, 'eval_runtime': 6.4108, 'eval_samples_per_second': 389.964, 'eval_steps_per_second': 12.323, 'epoch': 20.0}
{'loss': 1.0267, 'learning_rate': 8.95e-07, 'epoch': 21.0}
正解： [2 0 1 ... 4 4 4]
推論： [2 1 2 ... 3 3 4]
{'eval_loss': 1.3899412155151367, 'eval_accuracy': 0.4292, 'eval_precision': 0.44454322104999017, 'eval_recall': 0.4292, 'eval_f1': 0.42301915167411436, 'eval_QWK': 0.581584558633752, 'eval_runtime': 6.4145, 'eval_samples_per_second': 389.744, 'eval_steps_per_second': 12.316, 'epoch': 21.0}
{'loss': 1.0148, 'learning_rate': 8.9e-07, 'epoch': 22.0}
正解： [2 0 1 ... 4 4 4]
推論： [2 1 2 ... 3 3 3]
{'eval_loss': 1.3893574476242065, 'eval_accuracy': 0.4308, 'eval_precision': 0.4443084159160161, 'eval_recall': 0.4308, 'eval_f1': 0.4274715075352581, 'eval_QWK': 0.5909442302482291, 'eval_runtime': 6.4153, 'eval_samples_per_second': 389.693, 'eval_steps_per_second': 12.314, 'epoch': 22.0}
{'loss': 0.9992, 'learning_rate': 8.85e-07, 'epoch': 23.0}
正解： [2 0 1 ... 4 4 4]
推論： [2 1 2 ... 3 3 4]
{'eval_loss': 1.4056507349014282, 'eval_accuracy': 0.4308, 'eval_precision': 0.4406302894662685, 'eval_recall': 0.4308, 'eval_f1': 0.42833820492046104, 'eval_QWK': 0.5924231606928938, 'eval_runtime': 6.415, 'eval_samples_per_second': 389.714, 'eval_steps_per_second': 12.315, 'epoch': 23.0}
{'loss': 0.9888, 'learning_rate': 8.799999999999999e-07, 'epoch': 24.0}
正解： [2 0 1 ... 4 4 4]
推論： [2 1 2 ... 3 3 4]
{'eval_loss': 1.4211314916610718, 'eval_accuracy': 0.4328, 'eval_precision': 0.44626306097102797, 'eval_recall': 0.4328, 'eval_f1': 0.4277512987407572, 'eval_QWK': 0.5867332628930082, 'eval_runtime': 6.4109, 'eval_samples_per_second': 389.961, 'eval_steps_per_second': 12.323, 'epoch': 24.0}
{'loss': 0.971, 'learning_rate': 8.75e-07, 'epoch': 25.0}
正解： [2 0 1 ... 4 4 4]
推論： [2 1 2 ... 3 3 4]
{'eval_loss': 1.425872802734375, 'eval_accuracy': 0.4316, 'eval_precision': 0.44093904680378976, 'eval_recall': 0.4316, 'eval_f1': 0.4289876259365648, 'eval_QWK': 0.5931583982540853, 'eval_runtime': 6.4118, 'eval_samples_per_second': 389.904, 'eval_steps_per_second': 12.321, 'epoch': 25.0}
{'loss': 0.9579, 'learning_rate': 8.699999999999999e-07, 'epoch': 26.0}
正解： [2 0 1 ... 4 4 4]
推論： [2 1 2 ... 3 3 4]
{'eval_loss': 1.44435453414917, 'eval_accuracy': 0.4288, 'eval_precision': 0.4348360403556254, 'eval_recall': 0.4288, 'eval_f1': 0.42479446130522064, 'eval_QWK': 0.578016927205719, 'eval_runtime': 6.4105, 'eval_samples_per_second': 389.988, 'eval_steps_per_second': 12.324, 'epoch': 26.0}
{'loss': 0.9461, 'learning_rate': 8.65e-07, 'epoch': 27.0}
正解： [2 0 1 ... 4 4 4]
推論： [2 1 2 ... 3 3 3]
{'eval_loss': 1.4426425695419312, 'eval_accuracy': 0.4292, 'eval_precision': 0.4364533151356505, 'eval_recall': 0.4292, 'eval_f1': 0.42457976542721126, 'eval_QWK': 0.5802455395691737, 'eval_runtime': 6.4053, 'eval_samples_per_second': 390.304, 'eval_steps_per_second': 12.334, 'epoch': 27.0}
{'train_runtime': 7020.7096, 'train_samples_per_second': 854.614, 'train_steps_per_second': 26.721, 'train_loss': 1.132236037577798, 'epoch': 27.0}
正解： [2 0 1 ... 4 4 4]
推論： [2 1 2 ... 3 3 4]
     label                                           sentence  pred
1        0  演劇 と か も 同時 並行 で やって いる 演劇 の 危機 に どう 思って る か 知...     1
2        1  犬 夜叉 に は 腐 女子 って い ない の か な ？ と いう か あの 漫画 は Ｎ...     2
3        2  話 を 続ける ため の 子ども って 感じ かな でも それ って 簡単に やって は い...     1
6        4  銀魂 は あの 終わり 方 は 全て の 界隈 で 大変 評価 さ れて いて そういう 意...     3
9        1  こんな 時 だ から ？ ？ 知って る 人 が 何 して る か が 必要 以上 に 気 ...     2
...    ...                                                ...   ...
2492     0                  海外 行き たい 籠もる の は 冬 だけ で いい んじゃ あ！     3
2493     3  フィンランド の 思い出 タンペレ から ユヴァスキュラ へ の オンニ バス にて ドライ...     2
2496     4  ぐっどこんでぃしょん 心 も 頭 も クリア 秋分 の 日 の おかげ か な ？ 人 と ...     3
2497     4  朝 から 免許 の 更新 へ 9 分 で 終わり 出 へ 向かう と 献血 の 呼びかけ が...     3
2498     4  夜 も 更けて 参り ました が 食後 の コーヒー が 飲み たい ので ドリップ 開始 ...     3

[1408 rows x 3 columns]
