ぼけっとしてたらこんな時間。チャリあるから食べにでたいのに…
[0, 29834, 30571, 29865, 14835, 440, 540, 96, 29836, 388, 29883, 22, 14, 300, 29833, 29832, 82, 366, 89, 2]
['<s>', '▁', 'ぼ', 'け', 'っとして', 'たら', 'こんな', '時間', '。', 'チャ', 'リ', 'ある', 'から', '食べ', 'に', 'で', 'たい', 'のに', '...', '</s>']
{'input_ids': tensor([[    0,  4054, 19888,  ...,     1,     1,     1],
        [    0,  2011, 11329,  ...,     1,     1,     1],
        [    0,   949, 30616,  ...,     1,     1,     1],
        ...,
        [    0,  8239, 10360,  ...,     1,     1,     1],
        [    0, 29834, 31991,  ...,     1,     1,     1],
        [    0, 29834, 23482,  ...,     1,     1,     1]]), 'attention_mask': tensor([[1, 1, 1,  ..., 0, 0, 0],
        [1, 1, 1,  ..., 0, 0, 0],
        [1, 1, 1,  ..., 0, 0, 0],
        ...,
        [1, 1, 1,  ..., 0, 0, 0],
        [1, 1, 1,  ..., 0, 0, 0],
        [1, 1, 1,  ..., 0, 0, 0]])}
最大トークン数は174です
dict_keys(['input_ids', 'attention_mask'])
dict_keys(['input_ids', 'attention_mask', 'label'])
学習データ数は30000です
tensor([    0, 29834, 30571, 29865, 14835,   440,   540,    96, 29836,   388,
        29883,    22,    14,   300, 29833, 29832,    82,   366,    89,     2,
            1,     1,     1,     1,     1,     1,     1,     1,     1,     1,
            1,     1,     1,     1,     1,     1,     1,     1,     1,     1,
            1,     1,     1,     1,     1,     1,     1,     1,     1,     1,
            1,     1,     1,     1,     1,     1,     1,     1,     1,     1,
            1,     1,     1,     1,     1,     1,     1,     1,     1,     1,
            1,     1,     1,     1,     1,     1,     1,     1,     1,     1,
            1,     1,     1,     1,     1,     1,     1,     1,     1,     1,
            1,     1,     1,     1,     1,     1,     1,     1,     1,     1,
            1,     1,     1,     1,     1,     1,     1,     1,     1,     1,
            1,     1,     1,     1,     1,     1,     1,     1,     1,     1,
            1,     1,     1,     1,     1,     1,     1,     1,     1,     1,
            1,     1,     1,     1,     1,     1,     1,     1,     1,     1,
            1,     1,     1,     1,     1,     1,     1,     1,     1,     1,
            1,     1,     1,     1,     1,     1,     1,     1,     1,     1,
            1,     1,     1,     1,     1,     1,     1,     1,     1,     1,
            1,     1,     1,     1])
<s> ぼけっとしてたらこんな時間。チャリあるから食べにでたいのに...</s><pad><pad><pad><pad><pad><pad><pad><pad><pad><pad><pad><pad><pad><pad><pad><pad><pad><pad><pad><pad><pad><pad><pad><pad><pad><pad><pad><pad><pad><pad><pad><pad><pad><pad><pad><pad><pad><pad><pad><pad><pad><pad><pad><pad><pad><pad><pad><pad><pad><pad><pad><pad><pad><pad><pad><pad><pad><pad><pad><pad><pad><pad><pad><pad><pad><pad><pad><pad><pad><pad><pad><pad><pad><pad><pad><pad><pad><pad><pad><pad><pad><pad><pad><pad><pad><pad><pad><pad><pad><pad><pad><pad><pad><pad><pad><pad><pad><pad><pad><pad><pad><pad><pad><pad><pad><pad><pad><pad><pad><pad><pad><pad><pad><pad><pad><pad><pad><pad><pad><pad><pad><pad><pad><pad><pad><pad><pad><pad><pad><pad><pad><pad><pad><pad><pad><pad><pad><pad><pad><pad><pad><pad><pad><pad><pad><pad><pad><pad><pad><pad><pad><pad><pad><pad>
{'loss': 1.4913, 'learning_rate': 4.975e-07, 'epoch': 1.0}
正解： [2 0 1 ... 4 4 4]
推論： [2 2 2 ... 2 3 3]
{'eval_loss': 1.3730816841125488, 'eval_accuracy': 0.3564, 'eval_precision': 0.3721135508813618, 'eval_recall': 0.3564, 'eval_f1': 0.299112845510693, 'eval_QWK': 0.3613964107722374, 'eval_runtime': 23.9403, 'eval_samples_per_second': 104.426, 'eval_steps_per_second': 3.3, 'epoch': 1.0}
{'loss': 1.2952, 'learning_rate': 4.95e-07, 'epoch': 2.0}
正解： [2 0 1 ... 4 4 4]
推論： [2 2 2 ... 3 3 3]
{'eval_loss': 1.253470540046692, 'eval_accuracy': 0.428, 'eval_precision': 0.44977610314519473, 'eval_recall': 0.428, 'eval_f1': 0.3879841404410226, 'eval_QWK': 0.5495160715838243, 'eval_runtime': 23.9522, 'eval_samples_per_second': 104.375, 'eval_steps_per_second': 3.298, 'epoch': 2.0}
{'loss': 1.2385, 'learning_rate': 4.924999999999999e-07, 'epoch': 3.0}
正解： [2 0 1 ... 4 4 4]
推論： [2 2 2 ... 3 3 3]
{'eval_loss': 1.2255840301513672, 'eval_accuracy': 0.4432, 'eval_precision': 0.4565975096703597, 'eval_recall': 0.4432, 'eval_f1': 0.42140606721485746, 'eval_QWK': 0.5957368115521162, 'eval_runtime': 23.9396, 'eval_samples_per_second': 104.429, 'eval_steps_per_second': 3.3, 'epoch': 3.0}
{'loss': 1.2063, 'learning_rate': 4.9e-07, 'epoch': 4.0}
正解： [2 0 1 ... 4 4 4]
推論： [2 2 2 ... 3 3 3]
{'eval_loss': 1.2438856363296509, 'eval_accuracy': 0.446, 'eval_precision': 0.4705937347672645, 'eval_recall': 0.446, 'eval_f1': 0.4275931461364815, 'eval_QWK': 0.5874047577502473, 'eval_runtime': 23.9353, 'eval_samples_per_second': 104.448, 'eval_steps_per_second': 3.301, 'epoch': 4.0}
{'loss': 1.1882, 'learning_rate': 4.875e-07, 'epoch': 5.0}
正解： [2 0 1 ... 4 4 4]
推論： [2 2 2 ... 3 3 3]
{'eval_loss': 1.229081392288208, 'eval_accuracy': 0.4528, 'eval_precision': 0.46708091687916103, 'eval_recall': 0.4528, 'eval_f1': 0.4406913193091229, 'eval_QWK': 0.6217259163575022, 'eval_runtime': 23.9478, 'eval_samples_per_second': 104.394, 'eval_steps_per_second': 3.299, 'epoch': 5.0}
{'loss': 1.1669, 'learning_rate': 4.85e-07, 'epoch': 6.0}
正解： [2 0 1 ... 4 4 4]
推論： [2 2 2 ... 3 3 3]
{'eval_loss': 1.2545431852340698, 'eval_accuracy': 0.4412, 'eval_precision': 0.4771759196294188, 'eval_recall': 0.4412, 'eval_f1': 0.42972303751054586, 'eval_QWK': 0.6049652114067323, 'eval_runtime': 23.9438, 'eval_samples_per_second': 104.411, 'eval_steps_per_second': 3.299, 'epoch': 6.0}
{'loss': 1.1539, 'learning_rate': 4.824999999999999e-07, 'epoch': 7.0}
正解： [2 0 1 ... 4 4 4]
推論： [2 2 2 ... 3 3 3]
{'eval_loss': 1.2523541450500488, 'eval_accuracy': 0.448, 'eval_precision': 0.47535387784972716, 'eval_recall': 0.448, 'eval_f1': 0.43373156795052675, 'eval_QWK': 0.6067628834132868, 'eval_runtime': 23.942, 'eval_samples_per_second': 104.419, 'eval_steps_per_second': 3.3, 'epoch': 7.0}
{'loss': 1.1368, 'learning_rate': 4.8e-07, 'epoch': 8.0}
正解： [2 0 1 ... 4 4 4]
推論： [2 2 2 ... 3 3 3]
{'eval_loss': 1.2754954099655151, 'eval_accuracy': 0.442, 'eval_precision': 0.473272997594958, 'eval_recall': 0.442, 'eval_f1': 0.4311962186225235, 'eval_QWK': 0.6090162702412364, 'eval_runtime': 23.9399, 'eval_samples_per_second': 104.428, 'eval_steps_per_second': 3.3, 'epoch': 8.0}
{'loss': 1.1206, 'learning_rate': 4.775e-07, 'epoch': 9.0}
正解： [2 0 1 ... 4 4 4]
推論： [2 2 2 ... 3 3 3]
{'eval_loss': 1.266241192817688, 'eval_accuracy': 0.45, 'eval_precision': 0.47940446118639213, 'eval_recall': 0.45, 'eval_f1': 0.4416345434402685, 'eval_QWK': 0.6279022935210965, 'eval_runtime': 23.9439, 'eval_samples_per_second': 104.411, 'eval_steps_per_second': 3.299, 'epoch': 9.0}
{'loss': 1.1057, 'learning_rate': 4.7499999999999995e-07, 'epoch': 10.0}
正解： [2 0 1 ... 4 4 4]
推論： [2 2 2 ... 3 3 3]
{'eval_loss': 1.2648769617080688, 'eval_accuracy': 0.4596, 'eval_precision': 0.47814759412687546, 'eval_recall': 0.4596, 'eval_f1': 0.4532781050189917, 'eval_QWK': 0.6259243504786962, 'eval_runtime': 23.938, 'eval_samples_per_second': 104.436, 'eval_steps_per_second': 3.3, 'epoch': 10.0}
{'loss': 1.0928, 'learning_rate': 4.725e-07, 'epoch': 11.0}
正解： [2 0 1 ... 4 4 4]
推論： [2 2 2 ... 3 3 3]
{'eval_loss': 1.264162302017212, 'eval_accuracy': 0.4652, 'eval_precision': 0.47766515565794854, 'eval_recall': 0.4652, 'eval_f1': 0.4623512189846097, 'eval_QWK': 0.6324385214171376, 'eval_runtime': 23.9291, 'eval_samples_per_second': 104.476, 'eval_steps_per_second': 3.301, 'epoch': 11.0}
{'loss': 1.0758, 'learning_rate': 4.6999999999999995e-07, 'epoch': 12.0}
正解： [2 0 1 ... 4 4 4]
推論： [2 2 2 ... 3 3 3]
{'eval_loss': 1.279394507408142, 'eval_accuracy': 0.4612, 'eval_precision': 0.48344932054723483, 'eval_recall': 0.4612, 'eval_f1': 0.4588614482090245, 'eval_QWK': 0.632996757719557, 'eval_runtime': 23.9189, 'eval_samples_per_second': 104.52, 'eval_steps_per_second': 3.303, 'epoch': 12.0}
{'loss': 1.0668, 'learning_rate': 4.675e-07, 'epoch': 13.0}
正解： [2 0 1 ... 4 4 4]
推論： [2 2 2 ... 3 3 3]
{'eval_loss': 1.2719511985778809, 'eval_accuracy': 0.4628, 'eval_precision': 0.47082271389941577, 'eval_recall': 0.4628, 'eval_f1': 0.4619298235734787, 'eval_QWK': 0.6402282679439761, 'eval_runtime': 23.9245, 'eval_samples_per_second': 104.495, 'eval_steps_per_second': 3.302, 'epoch': 13.0}
{'loss': 1.0495, 'learning_rate': 4.65e-07, 'epoch': 14.0}
正解： [2 0 1 ... 4 4 4]
推論： [2 2 2 ... 3 3 3]
{'eval_loss': 1.298621654510498, 'eval_accuracy': 0.4516, 'eval_precision': 0.4764854883268215, 'eval_recall': 0.4516, 'eval_f1': 0.44974434779497585, 'eval_QWK': 0.6266249711135063, 'eval_runtime': 23.933, 'eval_samples_per_second': 104.458, 'eval_steps_per_second': 3.301, 'epoch': 14.0}
{'loss': 1.0377, 'learning_rate': 4.625e-07, 'epoch': 15.0}
正解： [2 0 1 ... 4 4 4]
推論： [2 2 2 ... 3 3 3]
{'eval_loss': 1.313732385635376, 'eval_accuracy': 0.4624, 'eval_precision': 0.4820902383012939, 'eval_recall': 0.4624, 'eval_f1': 0.45641814523205276, 'eval_QWK': 0.6217846162425962, 'eval_runtime': 23.9154, 'eval_samples_per_second': 104.535, 'eval_steps_per_second': 3.303, 'epoch': 15.0}
{'loss': 1.0204, 'learning_rate': 4.6e-07, 'epoch': 16.0}
正解： [2 0 1 ... 4 4 4]
推論： [2 2 2 ... 3 3 3]
{'eval_loss': 1.311029314994812, 'eval_accuracy': 0.458, 'eval_precision': 0.4687571041789851, 'eval_recall': 0.458, 'eval_f1': 0.45709105092770996, 'eval_QWK': 0.6312494709842178, 'eval_runtime': 23.9199, 'eval_samples_per_second': 104.516, 'eval_steps_per_second': 3.303, 'epoch': 16.0}
{'loss': 1.0101, 'learning_rate': 4.575e-07, 'epoch': 17.0}
正解： [2 0 1 ... 4 4 4]
推論： [2 2 2 ... 3 3 3]
{'eval_loss': 1.3318839073181152, 'eval_accuracy': 0.4568, 'eval_precision': 0.4739133866923553, 'eval_recall': 0.4568, 'eval_f1': 0.4571018916309679, 'eval_QWK': 0.6283897964512131, 'eval_runtime': 23.9354, 'eval_samples_per_second': 104.448, 'eval_steps_per_second': 3.301, 'epoch': 17.0}
{'loss': 0.9941, 'learning_rate': 4.55e-07, 'epoch': 18.0}
正解： [2 0 1 ... 4 4 4]
推論： [2 2 2 ... 3 3 3]
{'eval_loss': 1.3387986421585083, 'eval_accuracy': 0.4584, 'eval_precision': 0.47042705271100205, 'eval_recall': 0.4584, 'eval_f1': 0.45684088774621223, 'eval_QWK': 0.6259061314632494, 'eval_runtime': 23.9299, 'eval_samples_per_second': 104.472, 'eval_steps_per_second': 3.301, 'epoch': 18.0}
{'loss': 0.9799, 'learning_rate': 4.525e-07, 'epoch': 19.0}
正解： [2 0 1 ... 4 4 4]
推論： [2 2 2 ... 3 3 3]
{'eval_loss': 1.3680548667907715, 'eval_accuracy': 0.4504, 'eval_precision': 0.4642402853400824, 'eval_recall': 0.4504, 'eval_f1': 0.44876223921526326, 'eval_QWK': 0.6178426603009228, 'eval_runtime': 23.9263, 'eval_samples_per_second': 104.488, 'eval_steps_per_second': 3.302, 'epoch': 19.0}
{'loss': 0.9661, 'learning_rate': 4.5e-07, 'epoch': 20.0}
正解： [2 0 1 ... 4 4 4]
推論： [2 2 2 ... 3 3 3]
{'eval_loss': 1.392288088798523, 'eval_accuracy': 0.4448, 'eval_precision': 0.4655260025171815, 'eval_recall': 0.4448, 'eval_f1': 0.4447073916950181, 'eval_QWK': 0.6260380457527814, 'eval_runtime': 23.9388, 'eval_samples_per_second': 104.433, 'eval_steps_per_second': 3.3, 'epoch': 20.0}
{'loss': 0.951, 'learning_rate': 4.475e-07, 'epoch': 21.0}
正解： [2 0 1 ... 4 4 4]
推論： [2 2 2 ... 3 3 3]
{'eval_loss': 1.3876001834869385, 'eval_accuracy': 0.4524, 'eval_precision': 0.46358629239493493, 'eval_recall': 0.4524, 'eval_f1': 0.4524608258261048, 'eval_QWK': 0.628681734897788, 'eval_runtime': 23.9388, 'eval_samples_per_second': 104.433, 'eval_steps_per_second': 3.3, 'epoch': 21.0}
{'loss': 0.9384, 'learning_rate': 4.45e-07, 'epoch': 22.0}
正解： [2 0 1 ... 4 4 4]
推論： [2 2 2 ... 3 3 3]
{'eval_loss': 1.3950427770614624, 'eval_accuracy': 0.4496, 'eval_precision': 0.4649987324775788, 'eval_recall': 0.4496, 'eval_f1': 0.4482374238279126, 'eval_QWK': 0.6290754389904796, 'eval_runtime': 23.9354, 'eval_samples_per_second': 104.448, 'eval_steps_per_second': 3.301, 'epoch': 22.0}
{'loss': 0.9239, 'learning_rate': 4.425e-07, 'epoch': 23.0}
正解： [2 0 1 ... 4 4 4]
推論： [2 2 2 ... 3 3 3]
{'eval_loss': 1.422081470489502, 'eval_accuracy': 0.4428, 'eval_precision': 0.45765665958305746, 'eval_recall': 0.4428, 'eval_f1': 0.4431375725588792, 'eval_QWK': 0.6206501213919611, 'eval_runtime': 23.9251, 'eval_samples_per_second': 104.493, 'eval_steps_per_second': 3.302, 'epoch': 23.0}
{'train_runtime': 22533.329, 'train_samples_per_second': 266.272, 'train_steps_per_second': 8.325, 'train_loss': 1.0960889473078126, 'epoch': 23.0}
正解： [2 0 1 ... 4 4 4]
推論： [2 2 2 ... 3 3 3]
     label                                           sentence  pred
1        0               演劇とかも同時並行でやっている。演劇の危機にどう思ってるか知りたかった。     2
2        1             犬夜叉には腐女子っていないのかな？というかあの漫画はＮＬ向けの漫画なのかも。     2
6        4  銀魂はあの終わり方は全ての界隈で大変、評価されていて、そういう意味での空知先生、ありがとう連...     3
7        2                         ジャンプの休載、終わってるからもはや関係なくて・・・     1
9        1         こんな時だから？？知ってる人が何してるかが必要以上に気になるねー生存確認的な意味で。     2
...    ...                                                ...   ...
2492     0                        "海外行きたい… 籠もるのは冬だけでいいんじゃあ〜！"     2
2496     4    ぐっどこんでぃしょん。心も頭もクリア。秋分の日のおかげかな？人と自然としっとり過ごしたい気分。     3
2497     4  朝から免許の更新へ。90分で終わり、出口へ向かうと献血の呼びかけが。みんな通り過ぎていく。献...     3
2498     4  夜も更けて参りましたが、食後のコーヒーが飲みたいのでドリップ開始…ぼんやり秋の夜長を楽しみた...     3
2499     4    コーヒー休憩（kahavitauko）いつもの豆なのにすごく美味しくできた レシピは記録したｖ     3

[1343 rows x 3 columns]
